<?xml version="1.0" encoding="UTF-8"?>
<Site BuildName="(empty)"
	BuildStamp="20220926-0613-Experimental"
	Name="(empty)"
	Generator="ctest-3.24.2"
	CompilerName=""
	CompilerVersion=""
	OSName="Windows"
	Hostname="Wahid"
	OSRelease=" Personal"
	OSVersion=" (Build 25206)"
	OSPlatform="AMD64"
	Is64Bits="1"
	VendorString="AuthenticAMD"
	VendorID="Advanced Micro Devices"
	FamilyID="15"
	ModelID="0"
	ProcessorCacheSize="64"
	NumberOfLogicalCPU="16"
	NumberOfPhysicalCPU="8"
	TotalVirtualMemory="33644"
	TotalPhysicalMemory="14188"
	LogicalProcessorsPerPhysical="2"
	ProcessorClockFrequency="3194"
	>
	<Testing>
		<StartDateTime>Sep 25 23:16 Pacific Daylight Time</StartDateTime>
		<StartTestTime>1664172964</StartTestTime>
		<TestList/>
		<EndDateTime>Sep 25 23:16 Pacific Daylight Time</EndDateTime>
		<EndTestTime>1664172965</EndTestTime>
		<ElapsedMinutes>0</ElapsedMinutes>
	</Testing>
</Site>
