<?xml version="1.0" encoding="UTF-8"?>
<Site BuildName="(empty)"
	BuildStamp="20220917-0130-Experimental"
	Name="(empty)"
	Generator="ctest-3.23.22060601-MSVC_2"
	CompilerName=""
	CompilerVersion=""
	OSName="Windows"
	Hostname="Wahid"
	OSRelease=" Personal"
	OSVersion=" (Build 25201)"
	OSPlatform="AMD64"
	Is64Bits="1"
	VendorString="AuthenticAMD"
	VendorID="Advanced Micro Devices"
	FamilyID="15"
	ModelID="0"
	ProcessorCacheSize="64"
	NumberOfLogicalCPU="16"
	NumberOfPhysicalCPU="8"
	TotalVirtualMemory="34668"
	TotalPhysicalMemory="14188"
	LogicalProcessorsPerPhysical="2"
	ProcessorClockFrequency="3194"
	>
	<Testing>
		<StartDateTime>Sep 17 00:07 Pacific Daylight Time</StartDateTime>
		<StartTestTime>1663398464</StartTestTime>
		<TestList/>
		<EndDateTime>Sep 17 00:07 Pacific Daylight Time</EndDateTime>
		<EndTestTime>1663398464</EndTestTime>
		<ElapsedMinutes>0</ElapsedMinutes>
	</Testing>
</Site>
